<?xml version="1.0" encoding="UTF-8"?>
<coverage generated="1565674161432" clover="3.2.0">
  <project timestamp="1565674161432" name="All files">
    <metrics statements="41" coveredstatements="41" conditionals="20" coveredconditionals="19" methods="10" coveredmethods="10" elements="71" coveredelements="70" complexity="0" loc="41" ncloc="41" packages="1" files="1" classes="1"/>
    <file name="index.js" path="/Users/jakeshams/Code/ProductCollege/FEW/few21/npm-libraries/strings-library/index.js">
      <metrics statements="41" coveredstatements="41" conditionals="20" coveredconditionals="19" methods="10" coveredmethods="10"/>
      <line num="1" count="1" type="stmt"/>
      <line num="2" count="43" type="cond" truecount="4" falsecount="0"/>
      <line num="6" count="1" type="stmt"/>
      <line num="7" count="18" type="cond" truecount="1" falsecount="1"/>
      <line num="8" count="18" type="stmt"/>
      <line num="12" count="1" type="stmt"/>
      <line num="13" count="3" type="stmt"/>
      <line num="17" count="1" type="stmt"/>
      <line num="18" count="11" type="stmt"/>
      <line num="22" count="1" type="stmt"/>
      <line num="23" count="3" type="stmt"/>
      <line num="24" count="3" type="stmt"/>
      <line num="25" count="3" type="stmt"/>
      <line num="26" count="39" type="cond" truecount="2" falsecount="0"/>
      <line num="27" count="32" type="cond" truecount="2" falsecount="0"/>
      <line num="29" count="17" type="stmt"/>
      <line num="30" count="17" type="stmt"/>
      <line num="33" count="39" type="stmt"/>
      <line num="35" count="3" type="stmt"/>
      <line num="39" count="1" type="stmt"/>
      <line num="40" count="8" type="stmt"/>
      <line num="41" count="8" type="stmt"/>
      <line num="42" count="8" type="stmt"/>
      <line num="43" count="124" type="cond" truecount="4" falsecount="0"/>
      <line num="44" count="100" type="stmt"/>
      <line num="45" count="100" type="cond" truecount="2" falsecount="0"/>
      <line num="48" count="8" type="cond" truecount="2" falsecount="0"/>
      <line num="49" count="8" type="stmt"/>
      <line num="53" count="1" type="stmt"/>
      <line num="54" count="2" type="stmt"/>
      <line num="58" count="1" type="stmt"/>
      <line num="59" count="2" type="stmt"/>
      <line num="63" count="1" type="stmt"/>
      <line num="64" count="2" type="stmt"/>
      <line num="65" count="2" type="stmt"/>
      <line num="66" count="2" type="stmt"/>
      <line num="67" count="6" type="cond" truecount="2" falsecount="0"/>
      <line num="68" count="2" type="stmt"/>
      <line num="69" count="2" type="stmt"/>
      <line num="71" count="4" type="stmt"/>
      <line num="73" count="2" type="stmt"/>
    </file>
  </project>
</coverage>
