{"/Users/jakeshams/Code/ProductCollege/FEW/few21/npm-libraries/strings-library/index.js": {"path":"/Users/jakeshams/Code/ProductCollege/FEW/few21/npm-libraries/strings-library/index.js","statementMap":{"0":{"start":{"line":1,"column":0},"end":{"line":3,"column":1}},"1":{"start":{"line":2,"column":4},"end":{"line":2,"column":71}},"2":{"start":{"line":6,"column":0},"end":{"line":9,"column":1}},"3":{"start":{"line":7,"column":4},"end":{"line":7,"column":35}},"4":{"start":{"line":7,"column":26},"end":{"line":7,"column":35}},"5":{"start":{"line":8,"column":4},"end":{"line":8,"column":55}},"6":{"start":{"line":12,"column":0},"end":{"line":14,"column":1}},"7":{"start":{"line":13,"column":4},"end":{"line":13,"column":29}},"8":{"start":{"line":17,"column":0},"end":{"line":19,"column":1}},"9":{"start":{"line":18,"column":4},"end":{"line":18,"column":73}},"10":{"start":{"line":18,"column":39},"end":{"line":18,"column":62}},"11":{"start":{"line":22,"column":0},"end":{"line":36,"column":1}},"12":{"start":{"line":23,"column":18},"end":{"line":23,"column":20}},"13":{"start":{"line":24,"column":15},"end":{"line":24,"column":20}},"14":{"start":{"line":25,"column":4},"end":{"line":34,"column":5}},"15":{"start":{"line":26,"column":8},"end":{"line":32,"column":9}},"16":{"start":{"line":27,"column":12},"end":{"line":31,"column":13}},"17":{"start":{"line":27,"column":22},"end":{"line":27,"column":34}},"18":{"start":{"line":29,"column":16},"end":{"line":29,"column":45}},"19":{"start":{"line":30,"column":16},"end":{"line":30,"column":27}},"20":{"start":{"line":33,"column":8},"end":{"line":33,"column":25}},"21":{"start":{"line":35,"column":4},"end":{"line":35,"column":18}},"22":{"start":{"line":39,"column":0},"end":{"line":50,"column":1}},"23":{"start":{"line":40,"column":16},"end":{"line":40,"column":20}},"24":{"start":{"line":41,"column":24},"end":{"line":41,"column":26}},"25":{"start":{"line":42,"column":4},"end":{"line":47,"column":5}},"26":{"start":{"line":43,"column":8},"end":{"line":46,"column":9}},"27":{"start":{"line":44,"column":12},"end":{"line":44,"column":35}},"28":{"start":{"line":45,"column":12},"end":{"line":45,"column":52}},"29":{"start":{"line":48,"column":4},"end":{"line":48,"column":98}},"30":{"start":{"line":48,"column":56},"end":{"line":48,"column":98}},"31":{"start":{"line":49,"column":4},"end":{"line":49,"column":24}},"32":{"start":{"line":53,"column":0},"end":{"line":55,"column":1}},"33":{"start":{"line":54,"column":4},"end":{"line":54,"column":55}},"34":{"start":{"line":58,"column":0},"end":{"line":60,"column":1}},"35":{"start":{"line":59,"column":4},"end":{"line":59,"column":55}},"36":{"start":{"line":63,"column":0},"end":{"line":74,"column":1}},"37":{"start":{"line":64,"column":19},"end":{"line":64,"column":21}},"38":{"start":{"line":65,"column":20},"end":{"line":65,"column":24}},"39":{"start":{"line":66,"column":4},"end":{"line":72,"column":5}},"40":{"start":{"line":67,"column":8},"end":{"line":71,"column":48}},"41":{"start":{"line":68,"column":12},"end":{"line":68,"column":28}},"42":{"start":{"line":69,"column":12},"end":{"line":69,"column":29}},"43":{"start":{"line":71,"column":13},"end":{"line":71,"column":48}},"44":{"start":{"line":73,"column":4},"end":{"line":73,"column":19}}},"fnMap":{"0":{"name":"(anonymous_0)","decl":{"start":{"line":1,"column":28},"end":{"line":1,"column":29}},"loc":{"start":{"line":1,"column":40},"end":{"line":3,"column":1}},"line":1},"1":{"name":"(anonymous_1)","decl":{"start":{"line":6,"column":36},"end":{"line":6,"column":37}},"loc":{"start":{"line":6,"column":48},"end":{"line":9,"column":1}},"line":6},"2":{"name":"(anonymous_2)","decl":{"start":{"line":12,"column":27},"end":{"line":12,"column":28}},"loc":{"start":{"line":12,"column":39},"end":{"line":14,"column":1}},"line":12},"3":{"name":"(anonymous_3)","decl":{"start":{"line":17,"column":40},"end":{"line":17,"column":41}},"loc":{"start":{"line":17,"column":52},"end":{"line":19,"column":1}},"line":17},"4":{"name":"(anonymous_4)","decl":{"start":{"line":18,"column":31},"end":{"line":18,"column":32}},"loc":{"start":{"line":18,"column":39},"end":{"line":18,"column":62}},"line":18},"5":{"name":"(anonymous_5)","decl":{"start":{"line":22,"column":41},"end":{"line":22,"column":42}},"loc":{"start":{"line":22,"column":53},"end":{"line":36,"column":1}},"line":22},"6":{"name":"(anonymous_6)","decl":{"start":{"line":39,"column":36},"end":{"line":39,"column":37}},"loc":{"start":{"line":39,"column":48},"end":{"line":50,"column":1}},"line":39},"7":{"name":"(anonymous_7)","decl":{"start":{"line":53,"column":29},"end":{"line":53,"column":30}},"loc":{"start":{"line":53,"column":41},"end":{"line":55,"column":1}},"line":53},"8":{"name":"(anonymous_8)","decl":{"start":{"line":58,"column":29},"end":{"line":58,"column":30}},"loc":{"start":{"line":58,"column":41},"end":{"line":60,"column":1}},"line":58},"9":{"name":"(anonymous_9)","decl":{"start":{"line":63,"column":29},"end":{"line":63,"column":30}},"loc":{"start":{"line":63,"column":41},"end":{"line":74,"column":1}},"line":63}},"branchMap":{"0":{"loc":{"start":{"line":2,"column":12},"end":{"line":2,"column":70}},"type":"cond-expr","locations":[{"start":{"line":2,"column":58},"end":{"line":2,"column":62}},{"start":{"line":2,"column":65},"end":{"line":2,"column":70}}],"line":2},"1":{"loc":{"start":{"line":2,"column":13},"end":{"line":2,"column":54}},"type":"binary-expr","locations":[{"start":{"line":2,"column":13},"end":{"line":2,"column":30}},{"start":{"line":2,"column":34},"end":{"line":2,"column":54}}],"line":2},"2":{"loc":{"start":{"line":7,"column":4},"end":{"line":7,"column":35}},"type":"if","locations":[{"start":{"line":7,"column":4},"end":{"line":7,"column":35}},{"start":{"line":7,"column":4},"end":{"line":7,"column":35}}],"line":7},"3":{"loc":{"start":{"line":26,"column":8},"end":{"line":32,"column":9}},"type":"if","locations":[{"start":{"line":26,"column":8},"end":{"line":32,"column":9}},{"start":{"line":26,"column":8},"end":{"line":32,"column":9}}],"line":26},"4":{"loc":{"start":{"line":27,"column":12},"end":{"line":31,"column":13}},"type":"if","locations":[{"start":{"line":27,"column":12},"end":{"line":31,"column":13}},{"start":{"line":27,"column":12},"end":{"line":31,"column":13}}],"line":27},"5":{"loc":{"start":{"line":43,"column":8},"end":{"line":46,"column":9}},"type":"if","locations":[{"start":{"line":43,"column":8},"end":{"line":46,"column":9}},{"start":{"line":43,"column":8},"end":{"line":46,"column":9}}],"line":43},"6":{"loc":{"start":{"line":43,"column":12},"end":{"line":43,"column":39}},"type":"binary-expr","locations":[{"start":{"line":43,"column":13},"end":{"line":43,"column":26}},{"start":{"line":43,"column":32},"end":{"line":43,"column":38}}],"line":43},"7":{"loc":{"start":{"line":45,"column":21},"end":{"line":45,"column":51}},"type":"cond-expr","locations":[{"start":{"line":45,"column":39},"end":{"line":45,"column":43}},{"start":{"line":45,"column":46},"end":{"line":45,"column":51}}],"line":45},"8":{"loc":{"start":{"line":48,"column":4},"end":{"line":48,"column":98}},"type":"if","locations":[{"start":{"line":48,"column":4},"end":{"line":48,"column":98}},{"start":{"line":48,"column":4},"end":{"line":48,"column":98}}],"line":48},"9":{"loc":{"start":{"line":67,"column":8},"end":{"line":71,"column":48}},"type":"if","locations":[{"start":{"line":67,"column":8},"end":{"line":71,"column":48}},{"start":{"line":67,"column":8},"end":{"line":71,"column":48}}],"line":67}},"s":{"0":1,"1":43,"2":1,"3":18,"4":0,"5":18,"6":1,"7":3,"8":1,"9":3,"10":11,"11":1,"12":3,"13":3,"14":3,"15":39,"16":32,"17":15,"18":17,"19":17,"20":39,"21":3,"22":1,"23":8,"24":8,"25":8,"26":124,"27":100,"28":100,"29":8,"30":2,"31":8,"32":1,"33":2,"34":1,"35":2,"36":1,"37":2,"38":2,"39":2,"40":6,"41":2,"42":2,"43":4,"44":2},"f":{"0":43,"1":18,"2":3,"3":3,"4":11,"5":3,"6":8,"7":2,"8":2,"9":2},"b":{"0":[34,9],"1":[43,42],"2":[0,18],"3":[32,7],"4":[15,17],"5":[100,24],"6":[124,42],"7":[18,82],"8":[2,6],"9":[2,4]},"_coverageSchema":"43e27e138ebf9cfc5966b082cf9a028302ed4184","hash":"53544128f8be95c58891d2d99e8e5c519bb6ec3a"}
}
