TN:
SF:/Users/jakeshams/Code/ProductCollege/FEW/few21/npm-libraries/strings-library/index.js
FN:1,(anonymous_0)
FN:6,(anonymous_1)
FN:12,(anonymous_2)
FN:17,(anonymous_3)
FN:18,(anonymous_4)
FN:22,(anonymous_5)
FN:39,(anonymous_6)
FN:53,(anonymous_7)
FN:58,(anonymous_8)
FN:63,(anonymous_9)
FNF:10
FNH:10
FNDA:43,(anonymous_0)
FNDA:18,(anonymous_1)
FNDA:3,(anonymous_2)
FNDA:3,(anonymous_3)
FNDA:11,(anonymous_4)
FNDA:3,(anonymous_5)
FNDA:8,(anonymous_6)
FNDA:2,(anonymous_7)
FNDA:2,(anonymous_8)
FNDA:2,(anonymous_9)
DA:1,1
DA:2,43
DA:6,1
DA:7,18
DA:8,18
DA:12,1
DA:13,3
DA:17,1
DA:18,11
DA:22,1
DA:23,3
DA:24,3
DA:25,3
DA:26,39
DA:27,32
DA:29,17
DA:30,17
DA:33,39
DA:35,3
DA:39,1
DA:40,8
DA:41,8
DA:42,8
DA:43,124
DA:44,100
DA:45,100
DA:48,8
DA:49,8
DA:53,1
DA:54,2
DA:58,1
DA:59,2
DA:63,1
DA:64,2
DA:65,2
DA:66,2
DA:67,6
DA:68,2
DA:69,2
DA:71,4
DA:73,2
LF:41
LH:41
BRDA:2,0,0,34
BRDA:2,0,1,9
BRDA:2,1,0,43
BRDA:2,1,1,42
BRDA:7,2,0,0
BRDA:7,2,1,18
BRDA:26,3,0,32
BRDA:26,3,1,7
BRDA:27,4,0,15
BRDA:27,4,1,17
BRDA:43,5,0,100
BRDA:43,5,1,24
BRDA:43,6,0,124
BRDA:43,6,1,42
BRDA:45,7,0,18
BRDA:45,7,1,82
BRDA:48,8,0,2
BRDA:48,8,1,6
BRDA:67,9,0,2
BRDA:67,9,1,4
BRF:20
BRH:19
end_of_record
